2022-09-30 09:09:02.963  INFO 6384 --- [restartedMain] com.mcb.test.Test.TestApplication        : Starting TestApplication using Java 17.0.4.1 on MAU-LT182 with PID 6384 (C:\Users\arazafiarison\Documents\Web projects\MCB\Test\Back end\Test\target\classes started by arazafiarison in C:\Users\arazafiarison\Documents\Web projects\MCB\Test\Back end\Test)
2022-09-30 09:09:02.965  INFO 6384 --- [restartedMain] com.mcb.test.Test.TestApplication        : The following 1 profile is active: "dev"
2022-09-30 09:09:03.041  INFO 6384 --- [restartedMain] .e.DevToolsPropertyDefaultsPostProcessor : Devtools property defaults active! Set 'spring.devtools.add-properties' to 'false' to disable
2022-09-30 09:09:03.798  INFO 6384 --- [restartedMain] .s.d.r.c.RepositoryConfigurationDelegate : Bootstrapping Spring Data MongoDB repositories in DEFAULT mode.
2022-09-30 09:09:03.806 DEBUG 6384 --- [restartedMain] .s.d.r.c.RepositoryConfigurationDelegate : Scanning for MongoDB repositories in packages com.mcb.test.Test.
2022-09-30 09:09:03.813  INFO 6384 --- [restartedMain] .s.d.r.c.RepositoryConfigurationDelegate : Finished Spring Data repository scanning in 6 ms. Found 0 MongoDB repository interfaces.
2022-09-30 09:09:04.548  INFO 6384 --- [restartedMain] o.s.b.w.embedded.tomcat.TomcatWebServer  : Tomcat initialized with port(s): 8080 (http)
2022-09-30 09:09:04.564  INFO 6384 --- [restartedMain] o.apache.catalina.core.StandardService   : Starting service [Tomcat]
2022-09-30 09:09:04.565  INFO 6384 --- [restartedMain] org.apache.catalina.core.StandardEngine  : Starting Servlet engine: [Apache Tomcat/9.0.65]
2022-09-30 09:09:04.651  INFO 6384 --- [restartedMain] o.a.c.c.C.[Tomcat].[localhost].[/]       : Initializing Spring embedded WebApplicationContext
2022-09-30 09:09:04.652  INFO 6384 --- [restartedMain] w.s.c.ServletWebServerApplicationContext : Root WebApplicationContext: initialization completed in 1610 ms
2022-09-30 09:09:05.312  INFO 6384 --- [restartedMain] org.mongodb.driver.client                : MongoClient with metadata {"driver": {"name": "mongo-java-driver|sync|spring-boot", "version": "4.6.1"}, "os": {"type": "Windows", "name": "Windows 10", "architecture": "amd64", "version": "10.0"}, "platform": "Java/Oracle Corporation/17.0.4.1+1-LTS-2"} created with settings MongoClientSettings{readPreference=primary, writeConcern=WriteConcern{w=null, wTimeout=null ms, journal=null}, retryWrites=true, retryReads=true, readConcern=ReadConcern{level=null}, credential=null, streamFactoryFactory=null, commandListeners=[], codecRegistry=ProvidersCodecRegistry{codecProviders=[ValueCodecProvider{}, BsonValueCodecProvider{}, DBRefCodecProvider{}, DBObjectCodecProvider{}, DocumentCodecProvider{}, IterableCodecProvider{}, MapCodecProvider{}, GeoJsonCodecProvider{}, GridFSFileCodecProvider{}, Jsr310CodecProvider{}, JsonObjectCodecProvider{}, BsonCodecProvider{}, EnumCodecProvider{}, com.mongodb.Jep395RecordCodecProvider@7a89fed8]}, clusterSettings={hosts=[localhost:27017], srvServiceName=mongodb, mode=SINGLE, requiredClusterType=UNKNOWN, requiredReplicaSetName='null', serverSelector='null', clusterListeners='[]', serverSelectionTimeout='30000 ms', localThreshold='30000 ms'}, socketSettings=SocketSettings{connectTimeoutMS=10000, readTimeoutMS=0, receiveBufferSize=0, sendBufferSize=0}, heartbeatSocketSettings=SocketSettings{connectTimeoutMS=10000, readTimeoutMS=10000, receiveBufferSize=0, sendBufferSize=0}, connectionPoolSettings=ConnectionPoolSettings{maxSize=100, minSize=0, maxWaitTimeMS=120000, maxConnectionLifeTimeMS=0, maxConnectionIdleTimeMS=0, maintenanceInitialDelayMS=0, maintenanceFrequencyMS=60000, connectionPoolListeners=[], maxConnecting=2}, serverSettings=ServerSettings{heartbeatFrequencyMS=10000, minHeartbeatFrequencyMS=500, serverListeners='[]', serverMonitorListeners='[]'}, sslSettings=SslSettings{enabled=false, invalidHostNameAllowed=false, context=null}, applicationName='null', compressorList=[], uuidRepresentation=JAVA_LEGACY, serverApi=null, autoEncryptionSettings=null, contextProvider=null}
2022-09-30 09:09:05.334  INFO 6384 --- [cluster-ClusterId{value='633679f1cd5916756f483524', description='null'}-localhost:27017] org.mongodb.driver.connection            : Opened connection [connectionId{localValue:2, serverValue:2}] to localhost:27017
2022-09-30 09:09:05.334  INFO 6384 --- [cluster-rtt-ClusterId{value='633679f1cd5916756f483524', description='null'}-localhost:27017] org.mongodb.driver.connection            : Opened connection [connectionId{localValue:1, serverValue:1}] to localhost:27017
2022-09-30 09:09:05.335  INFO 6384 --- [cluster-ClusterId{value='633679f1cd5916756f483524', description='null'}-localhost:27017] org.mongodb.driver.cluster               : Monitor thread successfully connected to server with description ServerDescription{address=localhost:27017, type=STANDALONE, state=CONNECTED, ok=true, minWireVersion=0, maxWireVersion=17, maxDocumentSize=16777216, logicalSessionTimeoutMinutes=30, roundTripTimeNanos=32280400}
2022-09-30 09:09:05.412 DEBUG 6384 --- [restartedMain] o.s.data.convert.CustomConversions       : Adding converter from class java.lang.Character to class java.lang.String as writing converter
2022-09-30 09:09:05.413 DEBUG 6384 --- [restartedMain] o.s.data.convert.CustomConversions       : Adding converter from class java.util.Locale to class java.lang.String as writing converter
2022-09-30 09:09:05.413 DEBUG 6384 --- [restartedMain] o.s.data.convert.CustomConversions       : Adding converter from class java.math.BigDecimal to class java.lang.String as writing converter
2022-09-30 09:09:05.414 DEBUG 6384 --- [restartedMain] o.s.data.convert.CustomConversions       : Adding converter from class java.math.BigDecimal to class org.bson.types.Decimal128 as writing converter
2022-09-30 09:09:05.414 DEBUG 6384 --- [restartedMain] o.s.data.convert.CustomConversions       : Adding converter from class java.lang.String to class java.math.BigDecimal as reading converter
2022-09-30 09:09:05.414 DEBUG 6384 --- [restartedMain] o.s.data.convert.CustomConversions       : Adding converter from class org.bson.types.Decimal128 to class java.math.BigDecimal as reading converter
2022-09-30 09:09:05.415 DEBUG 6384 --- [restartedMain] o.s.data.convert.CustomConversions       : Adding converter from class java.math.BigInteger to class java.lang.String as writing converter
2022-09-30 09:09:05.415 DEBUG 6384 --- [restartedMain] o.s.data.convert.CustomConversions       : Adding converter from class java.lang.String to class java.math.BigInteger as reading converter
2022-09-30 09:09:05.415 DEBUG 6384 --- [restartedMain] o.s.data.convert.CustomConversions       : Adding converter from class java.net.URL to class java.lang.String as writing converter
2022-09-30 09:09:05.415 DEBUG 6384 --- [restartedMain] o.s.data.convert.CustomConversions       : Adding converter from class java.lang.String to class java.net.URL as reading converter
2022-09-30 09:09:05.416 DEBUG 6384 --- [restartedMain] o.s.data.convert.CustomConversions       : Adding converter from class org.bson.Document to class java.lang.String as reading converter
2022-09-30 09:09:05.416 DEBUG 6384 --- [restartedMain] o.s.data.convert.CustomConversions       : Adding converter from class org.springframework.data.mongodb.core.query.Term to class java.lang.String as writing converter
2022-09-30 09:09:05.416 DEBUG 6384 --- [restartedMain] o.s.data.convert.CustomConversions       : Adding converter from class org.springframework.data.mongodb.core.script.NamedMongoScript to class org.bson.Document as writing converter
2022-09-30 09:09:05.416 DEBUG 6384 --- [restartedMain] o.s.data.convert.CustomConversions       : Adding converter from class org.bson.Document to class org.springframework.data.mongodb.core.script.NamedMongoScript as reading converter
2022-09-30 09:09:05.416 DEBUG 6384 --- [restartedMain] o.s.data.convert.CustomConversions       : Adding converter from class java.util.Currency to class java.lang.String as writing converter
2022-09-30 09:09:05.416 DEBUG 6384 --- [restartedMain] o.s.data.convert.CustomConversions       : Adding converter from class java.lang.String to class java.util.Currency as reading converter
2022-09-30 09:09:05.416 DEBUG 6384 --- [restartedMain] o.s.data.convert.CustomConversions       : Adding converter from class java.util.concurrent.atomic.AtomicInteger to class java.lang.Integer as writing converter
2022-09-30 09:09:05.417 DEBUG 6384 --- [restartedMain] o.s.data.convert.CustomConversions       : Adding converter from class java.util.concurrent.atomic.AtomicLong to class java.lang.Long as writing converter
2022-09-30 09:09:05.417 DEBUG 6384 --- [restartedMain] o.s.data.convert.CustomConversions       : Adding converter from class java.lang.Long to class java.util.concurrent.atomic.AtomicLong as reading converter
2022-09-30 09:09:05.417 DEBUG 6384 --- [restartedMain] o.s.data.convert.CustomConversions       : Adding converter from class java.lang.Integer to class java.util.concurrent.atomic.AtomicInteger as reading converter
2022-09-30 09:09:05.417 DEBUG 6384 --- [restartedMain] o.s.data.convert.CustomConversions       : Adding converter from class org.bson.types.Binary to class [B as reading converter
2022-09-30 09:09:05.417 DEBUG 6384 --- [restartedMain] o.s.data.convert.CustomConversions       : Adding converter from class org.bson.BsonTimestamp to class java.time.Instant as reading converter
2022-09-30 09:09:05.417 DEBUG 6384 --- [restartedMain] o.s.data.convert.CustomConversions       : Adding converter from class java.net.URI to class java.lang.String as writing converter
2022-09-30 09:09:05.417 DEBUG 6384 --- [restartedMain] o.s.data.convert.CustomConversions       : Adding converter from class java.lang.String to class java.net.URI as reading converter
2022-09-30 09:09:05.418 DEBUG 6384 --- [restartedMain] o.s.data.convert.CustomConversions       : Adding converter from class org.springframework.data.geo.Box to class org.bson.Document as writing converter
2022-09-30 09:09:05.418 DEBUG 6384 --- [restartedMain] o.s.data.convert.CustomConversions       : Adding converter from class org.springframework.data.geo.Polygon to class org.bson.Document as writing converter
2022-09-30 09:09:05.418 DEBUG 6384 --- [restartedMain] o.s.data.convert.CustomConversions       : Adding converter from class org.springframework.data.geo.Circle to class org.bson.Document as writing converter
2022-09-30 09:09:05.418 DEBUG 6384 --- [restartedMain] o.s.data.convert.CustomConversions       : Adding converter from class org.springframework.data.mongodb.core.geo.Sphere to class org.bson.Document as writing converter
2022-09-30 09:09:05.418 DEBUG 6384 --- [restartedMain] o.s.data.convert.CustomConversions       : Adding converter from class org.bson.Document to class org.springframework.data.geo.Box as reading converter
2022-09-30 09:09:05.418 DEBUG 6384 --- [restartedMain] o.s.data.convert.CustomConversions       : Adding converter from class org.bson.Document to class org.springframework.data.geo.Polygon as reading converter
2022-09-30 09:09:05.418 DEBUG 6384 --- [restartedMain] o.s.data.convert.CustomConversions       : Adding converter from class org.bson.Document to class org.springframework.data.geo.Circle as reading converter
2022-09-30 09:09:05.418 DEBUG 6384 --- [restartedMain] o.s.data.convert.CustomConversions       : Adding converter from class org.bson.Document to class org.springframework.data.mongodb.core.geo.Sphere as reading converter
2022-09-30 09:09:05.419 DEBUG 6384 --- [restartedMain] o.s.data.convert.CustomConversions       : Adding converter from class org.bson.Document to class org.springframework.data.geo.Point as reading converter
2022-09-30 09:09:05.419 DEBUG 6384 --- [restartedMain] o.s.data.convert.CustomConversions       : Adding converter from class org.springframework.data.geo.Point to class org.bson.Document as writing converter
2022-09-30 09:09:05.419 DEBUG 6384 --- [restartedMain] o.s.data.convert.CustomConversions       : Adding converter from class org.springframework.data.mongodb.core.query.GeoCommand to class org.bson.Document as writing converter
2022-09-30 09:09:05.419 DEBUG 6384 --- [restartedMain] o.s.data.convert.CustomConversions       : Adding converter from interface org.springframework.data.mongodb.core.geo.GeoJson to class org.bson.Document as writing converter
2022-09-30 09:09:05.419 DEBUG 6384 --- [restartedMain] o.s.data.convert.CustomConversions       : Adding converter from class org.springframework.data.mongodb.core.geo.GeoJsonPoint to class org.bson.Document as writing converter
2022-09-30 09:09:05.419 DEBUG 6384 --- [restartedMain] o.s.data.convert.CustomConversions       : Adding converter from class org.springframework.data.mongodb.core.geo.GeoJsonPolygon to class org.bson.Document as writing converter
2022-09-30 09:09:05.419 DEBUG 6384 --- [restartedMain] o.s.data.convert.CustomConversions       : Adding converter from class org.bson.Document to class org.springframework.data.mongodb.core.geo.GeoJsonPoint as reading converter
2022-09-30 09:09:05.419 DEBUG 6384 --- [restartedMain] o.s.data.convert.CustomConversions       : Adding converter from class org.bson.Document to class org.springframework.data.mongodb.core.geo.GeoJsonPolygon as reading converter
2022-09-30 09:09:05.420 DEBUG 6384 --- [restartedMain] o.s.data.convert.CustomConversions       : Adding converter from class org.bson.Document to class org.springframework.data.mongodb.core.geo.GeoJsonLineString as reading converter
2022-09-30 09:09:05.420 DEBUG 6384 --- [restartedMain] o.s.data.convert.CustomConversions       : Adding converter from class org.bson.Document to class org.springframework.data.mongodb.core.geo.GeoJsonMultiLineString as reading converter
2022-09-30 09:09:05.420 DEBUG 6384 --- [restartedMain] o.s.data.convert.CustomConversions       : Adding converter from class org.bson.Document to class org.springframework.data.mongodb.core.geo.GeoJsonMultiPoint as reading converter
2022-09-30 09:09:05.420 DEBUG 6384 --- [restartedMain] o.s.data.convert.CustomConversions       : Adding converter from class org.bson.Document to class org.springframework.data.mongodb.core.geo.GeoJsonMultiPolygon as reading converter
2022-09-30 09:09:05.420 DEBUG 6384 --- [restartedMain] o.s.data.convert.CustomConversions       : Adding converter from class org.bson.Document to class org.springframework.data.mongodb.core.geo.GeoJsonGeometryCollection as reading converter
2022-09-30 09:09:05.420 DEBUG 6384 --- [restartedMain] o.s.data.convert.CustomConversions       : Adding converter from class org.bson.Document to interface org.springframework.data.mongodb.core.geo.GeoJson as reading converter
2022-09-30 09:09:05.420 DEBUG 6384 --- [restartedMain] o.s.data.convert.CustomConversions       : Adding converter from class java.util.Date to class java.time.LocalDateTime as reading converter
2022-09-30 09:09:05.421 DEBUG 6384 --- [restartedMain] o.s.data.convert.CustomConversions       : Adding converter from class java.time.LocalDateTime to class java.util.Date as writing converter
2022-09-30 09:09:05.421 DEBUG 6384 --- [restartedMain] o.s.data.convert.CustomConversions       : Adding converter from class java.util.Date to class java.time.LocalDate as reading converter
2022-09-30 09:09:05.421 DEBUG 6384 --- [restartedMain] o.s.data.convert.CustomConversions       : Adding converter from class java.time.LocalDate to class java.util.Date as writing converter
2022-09-30 09:09:05.421 DEBUG 6384 --- [restartedMain] o.s.data.convert.CustomConversions       : Adding converter from class java.util.Date to class java.time.LocalTime as reading converter
2022-09-30 09:09:05.421 DEBUG 6384 --- [restartedMain] o.s.data.convert.CustomConversions       : Adding converter from class java.time.LocalTime to class java.util.Date as writing converter
2022-09-30 09:09:05.421 DEBUG 6384 --- [restartedMain] o.s.data.convert.CustomConversions       : Adding converter from class java.util.Date to class java.time.Instant as reading converter
2022-09-30 09:09:05.421 DEBUG 6384 --- [restartedMain] o.s.data.convert.CustomConversions       : Adding converter from class java.time.Instant to class java.util.Date as writing converter
2022-09-30 09:09:05.422 DEBUG 6384 --- [restartedMain] o.s.data.convert.CustomConversions       : Skipping converter from class java.time.LocalDateTime to class java.time.Instant as reading converter class java.time.LocalDateTime is not a store supported simple type
2022-09-30 09:09:05.422 DEBUG 6384 --- [restartedMain] o.s.data.convert.CustomConversions       : Skipping converter from class java.time.Instant to class java.time.LocalDateTime as reading converter class java.time.Instant is not a store supported simple type
2022-09-30 09:09:05.422 DEBUG 6384 --- [restartedMain] o.s.data.convert.CustomConversions       : Adding converter from class java.time.ZoneId to class java.lang.String as writing converter
2022-09-30 09:09:05.422 DEBUG 6384 --- [restartedMain] o.s.data.convert.CustomConversions       : Adding converter from class java.lang.String to class java.time.ZoneId as reading converter
2022-09-30 09:09:05.422 DEBUG 6384 --- [restartedMain] o.s.data.convert.CustomConversions       : Adding converter from class java.time.Duration to class java.lang.String as writing converter
2022-09-30 09:09:05.423 DEBUG 6384 --- [restartedMain] o.s.data.convert.CustomConversions       : Adding converter from class java.lang.String to class java.time.Duration as reading converter
2022-09-30 09:09:05.423 DEBUG 6384 --- [restartedMain] o.s.data.convert.CustomConversions       : Adding converter from class java.time.Period to class java.lang.String as writing converter
2022-09-30 09:09:05.423 DEBUG 6384 --- [restartedMain] o.s.data.convert.CustomConversions       : Adding converter from class java.lang.String to class java.time.Period as reading converter
2022-09-30 09:09:05.423 DEBUG 6384 --- [restartedMain] o.s.data.convert.CustomConversions       : Adding converter from class java.lang.String to class java.time.LocalDate as reading converter
2022-09-30 09:09:05.423 DEBUG 6384 --- [restartedMain] o.s.data.convert.CustomConversions       : Adding converter from class java.lang.String to class java.time.LocalDateTime as reading converter
2022-09-30 09:09:05.423 DEBUG 6384 --- [restartedMain] o.s.data.convert.CustomConversions       : Adding converter from class java.lang.String to class java.time.Instant as reading converter
2022-09-30 09:09:05.486 DEBUG 6384 --- [restartedMain] o.s.data.convert.CustomConversions       : Adding converter from class java.lang.Character to class java.lang.String as writing converter
2022-09-30 09:09:05.486 DEBUG 6384 --- [restartedMain] o.s.data.convert.CustomConversions       : Adding converter from class java.util.Locale to class java.lang.String as writing converter
2022-09-30 09:09:05.488 DEBUG 6384 --- [restartedMain] o.s.data.convert.CustomConversions       : Adding converter from class java.math.BigDecimal to class java.lang.String as writing converter
2022-09-30 09:09:05.488 DEBUG 6384 --- [restartedMain] o.s.data.convert.CustomConversions       : Adding converter from class java.math.BigDecimal to class org.bson.types.Decimal128 as writing converter
2022-09-30 09:09:05.488 DEBUG 6384 --- [restartedMain] o.s.data.convert.CustomConversions       : Adding converter from class java.lang.String to class java.math.BigDecimal as reading converter
2022-09-30 09:09:05.488 DEBUG 6384 --- [restartedMain] o.s.data.convert.CustomConversions       : Adding converter from class org.bson.types.Decimal128 to class java.math.BigDecimal as reading converter
2022-09-30 09:09:05.488 DEBUG 6384 --- [restartedMain] o.s.data.convert.CustomConversions       : Adding converter from class java.math.BigInteger to class java.lang.String as writing converter
2022-09-30 09:09:05.488 DEBUG 6384 --- [restartedMain] o.s.data.convert.CustomConversions       : Adding converter from class java.lang.String to class java.math.BigInteger as reading converter
2022-09-30 09:09:05.489 DEBUG 6384 --- [restartedMain] o.s.data.convert.CustomConversions       : Adding converter from class java.net.URL to class java.lang.String as writing converter
2022-09-30 09:09:05.489 DEBUG 6384 --- [restartedMain] o.s.data.convert.CustomConversions       : Adding converter from class java.lang.String to class java.net.URL as reading converter
2022-09-30 09:09:05.489 DEBUG 6384 --- [restartedMain] o.s.data.convert.CustomConversions       : Adding converter from class org.bson.Document to class java.lang.String as reading converter
2022-09-30 09:09:05.489 DEBUG 6384 --- [restartedMain] o.s.data.convert.CustomConversions       : Adding converter from class org.springframework.data.mongodb.core.query.Term to class java.lang.String as writing converter
2022-09-30 09:09:05.489 DEBUG 6384 --- [restartedMain] o.s.data.convert.CustomConversions       : Adding converter from class org.springframework.data.mongodb.core.script.NamedMongoScript to class org.bson.Document as writing converter
2022-09-30 09:09:05.489 DEBUG 6384 --- [restartedMain] o.s.data.convert.CustomConversions       : Adding converter from class org.bson.Document to class org.springframework.data.mongodb.core.script.NamedMongoScript as reading converter
2022-09-30 09:09:05.489 DEBUG 6384 --- [restartedMain] o.s.data.convert.CustomConversions       : Adding converter from class java.util.Currency to class java.lang.String as writing converter
2022-09-30 09:09:05.490 DEBUG 6384 --- [restartedMain] o.s.data.convert.CustomConversions       : Adding converter from class java.lang.String to class java.util.Currency as reading converter
2022-09-30 09:09:05.490 DEBUG 6384 --- [restartedMain] o.s.data.convert.CustomConversions       : Adding converter from class java.util.concurrent.atomic.AtomicInteger to class java.lang.Integer as writing converter
2022-09-30 09:09:05.490 DEBUG 6384 --- [restartedMain] o.s.data.convert.CustomConversions       : Adding converter from class java.util.concurrent.atomic.AtomicLong to class java.lang.Long as writing converter
2022-09-30 09:09:05.490 DEBUG 6384 --- [restartedMain] o.s.data.convert.CustomConversions       : Adding converter from class java.lang.Long to class java.util.concurrent.atomic.AtomicLong as reading converter
2022-09-30 09:09:05.490 DEBUG 6384 --- [restartedMain] o.s.data.convert.CustomConversions       : Adding converter from class java.lang.Integer to class java.util.concurrent.atomic.AtomicInteger as reading converter
2022-09-30 09:09:05.490 DEBUG 6384 --- [restartedMain] o.s.data.convert.CustomConversions       : Adding converter from class org.bson.types.Binary to class [B as reading converter
2022-09-30 09:09:05.490 DEBUG 6384 --- [restartedMain] o.s.data.convert.CustomConversions       : Adding converter from class org.bson.BsonTimestamp to class java.time.Instant as reading converter
2022-09-30 09:09:05.491 DEBUG 6384 --- [restartedMain] o.s.data.convert.CustomConversions       : Adding converter from class java.net.URI to class java.lang.String as writing converter
2022-09-30 09:09:05.491 DEBUG 6384 --- [restartedMain] o.s.data.convert.CustomConversions       : Adding converter from class java.lang.String to class java.net.URI as reading converter
2022-09-30 09:09:05.491 DEBUG 6384 --- [restartedMain] o.s.data.convert.CustomConversions       : Adding converter from class org.springframework.data.geo.Box to class org.bson.Document as writing converter
2022-09-30 09:09:05.491 DEBUG 6384 --- [restartedMain] o.s.data.convert.CustomConversions       : Adding converter from class org.springframework.data.geo.Polygon to class org.bson.Document as writing converter
2022-09-30 09:09:05.491 DEBUG 6384 --- [restartedMain] o.s.data.convert.CustomConversions       : Adding converter from class org.springframework.data.geo.Circle to class org.bson.Document as writing converter
2022-09-30 09:09:05.491 DEBUG 6384 --- [restartedMain] o.s.data.convert.CustomConversions       : Adding converter from class org.springframework.data.mongodb.core.geo.Sphere to class org.bson.Document as writing converter
2022-09-30 09:09:05.491 DEBUG 6384 --- [restartedMain] o.s.data.convert.CustomConversions       : Adding converter from class org.bson.Document to class org.springframework.data.geo.Box as reading converter
2022-09-30 09:09:05.492 DEBUG 6384 --- [restartedMain] o.s.data.convert.CustomConversions       : Adding converter from class org.bson.Document to class org.springframework.data.geo.Polygon as reading converter
2022-09-30 09:09:05.492 DEBUG 6384 --- [restartedMain] o.s.data.convert.CustomConversions       : Adding converter from class org.bson.Document to class org.springframework.data.geo.Circle as reading converter
2022-09-30 09:09:05.492 DEBUG 6384 --- [restartedMain] o.s.data.convert.CustomConversions       : Adding converter from class org.bson.Document to class org.springframework.data.mongodb.core.geo.Sphere as reading converter
2022-09-30 09:09:05.492 DEBUG 6384 --- [restartedMain] o.s.data.convert.CustomConversions       : Adding converter from class org.bson.Document to class org.springframework.data.geo.Point as reading converter
2022-09-30 09:09:05.492 DEBUG 6384 --- [restartedMain] o.s.data.convert.CustomConversions       : Adding converter from class org.springframework.data.geo.Point to class org.bson.Document as writing converter
2022-09-30 09:09:05.492 DEBUG 6384 --- [restartedMain] o.s.data.convert.CustomConversions       : Adding converter from class org.springframework.data.mongodb.core.query.GeoCommand to class org.bson.Document as writing converter
2022-09-30 09:09:05.492 DEBUG 6384 --- [restartedMain] o.s.data.convert.CustomConversions       : Adding converter from interface org.springframework.data.mongodb.core.geo.GeoJson to class org.bson.Document as writing converter
2022-09-30 09:09:05.493 DEBUG 6384 --- [restartedMain] o.s.data.convert.CustomConversions       : Adding converter from class org.springframework.data.mongodb.core.geo.GeoJsonPoint to class org.bson.Document as writing converter
2022-09-30 09:09:05.493 DEBUG 6384 --- [restartedMain] o.s.data.convert.CustomConversions       : Adding converter from class org.springframework.data.mongodb.core.geo.GeoJsonPolygon to class org.bson.Document as writing converter
2022-09-30 09:09:05.493 DEBUG 6384 --- [restartedMain] o.s.data.convert.CustomConversions       : Adding converter from class org.bson.Document to class org.springframework.data.mongodb.core.geo.GeoJsonPoint as reading converter
2022-09-30 09:09:05.493 DEBUG 6384 --- [restartedMain] o.s.data.convert.CustomConversions       : Adding converter from class org.bson.Document to class org.springframework.data.mongodb.core.geo.GeoJsonPolygon as reading converter
2022-09-30 09:09:05.493 DEBUG 6384 --- [restartedMain] o.s.data.convert.CustomConversions       : Adding converter from class org.bson.Document to class org.springframework.data.mongodb.core.geo.GeoJsonLineString as reading converter
2022-09-30 09:09:05.493 DEBUG 6384 --- [restartedMain] o.s.data.convert.CustomConversions       : Adding converter from class org.bson.Document to class org.springframework.data.mongodb.core.geo.GeoJsonMultiLineString as reading converter
2022-09-30 09:09:05.493 DEBUG 6384 --- [restartedMain] o.s.data.convert.CustomConversions       : Adding converter from class org.bson.Document to class org.springframework.data.mongodb.core.geo.GeoJsonMultiPoint as reading converter
2022-09-30 09:09:05.493 DEBUG 6384 --- [restartedMain] o.s.data.convert.CustomConversions       : Adding converter from class org.bson.Document to class org.springframework.data.mongodb.core.geo.GeoJsonMultiPolygon as reading converter
2022-09-30 09:09:05.493 DEBUG 6384 --- [restartedMain] o.s.data.convert.CustomConversions       : Adding converter from class org.bson.Document to class org.springframework.data.mongodb.core.geo.GeoJsonGeometryCollection as reading converter
2022-09-30 09:09:05.493 DEBUG 6384 --- [restartedMain] o.s.data.convert.CustomConversions       : Adding converter from class org.bson.Document to interface org.springframework.data.mongodb.core.geo.GeoJson as reading converter
2022-09-30 09:09:05.493 DEBUG 6384 --- [restartedMain] o.s.data.convert.CustomConversions       : Adding converter from class java.util.Date to class java.time.LocalDateTime as reading converter
2022-09-30 09:09:05.494 DEBUG 6384 --- [restartedMain] o.s.data.convert.CustomConversions       : Adding converter from class java.time.LocalDateTime to class java.util.Date as writing converter
2022-09-30 09:09:05.494 DEBUG 6384 --- [restartedMain] o.s.data.convert.CustomConversions       : Adding converter from class java.util.Date to class java.time.LocalDate as reading converter
2022-09-30 09:09:05.494 DEBUG 6384 --- [restartedMain] o.s.data.convert.CustomConversions       : Adding converter from class java.time.LocalDate to class java.util.Date as writing converter
2022-09-30 09:09:05.494 DEBUG 6384 --- [restartedMain] o.s.data.convert.CustomConversions       : Adding converter from class java.util.Date to class java.time.LocalTime as reading converter
2022-09-30 09:09:05.494 DEBUG 6384 --- [restartedMain] o.s.data.convert.CustomConversions       : Adding converter from class java.time.LocalTime to class java.util.Date as writing converter
2022-09-30 09:09:05.494 DEBUG 6384 --- [restartedMain] o.s.data.convert.CustomConversions       : Adding converter from class java.util.Date to class java.time.Instant as reading converter
2022-09-30 09:09:05.494 DEBUG 6384 --- [restartedMain] o.s.data.convert.CustomConversions       : Adding converter from class java.time.Instant to class java.util.Date as writing converter
2022-09-30 09:09:05.494 DEBUG 6384 --- [restartedMain] o.s.data.convert.CustomConversions       : Skipping converter from class java.time.LocalDateTime to class java.time.Instant as reading converter class java.time.LocalDateTime is not a store supported simple type
2022-09-30 09:09:05.495 DEBUG 6384 --- [restartedMain] o.s.data.convert.CustomConversions       : Skipping converter from class java.time.Instant to class java.time.LocalDateTime as reading converter class java.time.Instant is not a store supported simple type
2022-09-30 09:09:05.495 DEBUG 6384 --- [restartedMain] o.s.data.convert.CustomConversions       : Adding converter from class java.time.ZoneId to class java.lang.String as writing converter
2022-09-30 09:09:05.495 DEBUG 6384 --- [restartedMain] o.s.data.convert.CustomConversions       : Adding converter from class java.lang.String to class java.time.ZoneId as reading converter
2022-09-30 09:09:05.495 DEBUG 6384 --- [restartedMain] o.s.data.convert.CustomConversions       : Adding converter from class java.time.Duration to class java.lang.String as writing converter
2022-09-30 09:09:05.495 DEBUG 6384 --- [restartedMain] o.s.data.convert.CustomConversions       : Adding converter from class java.lang.String to class java.time.Duration as reading converter
2022-09-30 09:09:05.495 DEBUG 6384 --- [restartedMain] o.s.data.convert.CustomConversions       : Adding converter from class java.time.Period to class java.lang.String as writing converter
2022-09-30 09:09:05.495 DEBUG 6384 --- [restartedMain] o.s.data.convert.CustomConversions       : Adding converter from class java.lang.String to class java.time.Period as reading converter
2022-09-30 09:09:05.495 DEBUG 6384 --- [restartedMain] o.s.data.convert.CustomConversions       : Adding converter from class java.lang.String to class java.time.LocalDate as reading converter
2022-09-30 09:09:05.495 DEBUG 6384 --- [restartedMain] o.s.data.convert.CustomConversions       : Adding converter from class java.lang.String to class java.time.LocalDateTime as reading converter
2022-09-30 09:09:05.496 DEBUG 6384 --- [restartedMain] o.s.data.convert.CustomConversions       : Adding converter from class java.lang.String to class java.time.Instant as reading converter
2022-09-30 09:09:05.666  INFO 6384 --- [restartedMain] o.s.b.d.a.OptionalLiveReloadServer       : LiveReload server is running on port 35729
2022-09-30 09:09:05.707  INFO 6384 --- [restartedMain] o.s.b.w.embedded.tomcat.TomcatWebServer  : Tomcat started on port(s): 8080 (http) with context path ''
2022-09-30 09:09:05.718  INFO 6384 --- [restartedMain] com.mcb.test.Test.TestApplication        : Started TestApplication in 3.418 seconds (JVM running for 4.236)
2022-09-30 09:09:48.752  INFO 19556 --- [restartedMain] com.mcb.test.Test.TestApplication        : Starting TestApplication using Java 17.0.4.1 on MAU-LT182 with PID 19556 (C:\Users\arazafiarison\Documents\Web projects\MCB\Test\Back end\Test\target\classes started by arazafiarison in C:\Users\arazafiarison\Documents\Web projects\MCB\Test\Back end\Test)
2022-09-30 09:09:48.754  INFO 19556 --- [restartedMain] com.mcb.test.Test.TestApplication        : The following 1 profile is active: "dev"
2022-09-30 09:09:48.829  INFO 19556 --- [restartedMain] .e.DevToolsPropertyDefaultsPostProcessor : Devtools property defaults active! Set 'spring.devtools.add-properties' to 'false' to disable
2022-09-30 09:09:49.502  INFO 19556 --- [restartedMain] .s.d.r.c.RepositoryConfigurationDelegate : Bootstrapping Spring Data MongoDB repositories in DEFAULT mode.
2022-09-30 09:09:49.507 DEBUG 19556 --- [restartedMain] .s.d.r.c.RepositoryConfigurationDelegate : Scanning for MongoDB repositories in packages com.mcb.test.Test.
2022-09-30 09:09:49.512  INFO 19556 --- [restartedMain] .s.d.r.c.RepositoryConfigurationDelegate : Finished Spring Data repository scanning in 4 ms. Found 0 MongoDB repository interfaces.
2022-09-30 09:09:50.102  INFO 19556 --- [restartedMain] o.s.b.w.embedded.tomcat.TomcatWebServer  : Tomcat initialized with port(s): 5000 (http)
2022-09-30 09:09:50.116  INFO 19556 --- [restartedMain] o.apache.catalina.core.StandardService   : Starting service [Tomcat]
2022-09-30 09:09:50.117  INFO 19556 --- [restartedMain] org.apache.catalina.core.StandardEngine  : Starting Servlet engine: [Apache Tomcat/9.0.65]
2022-09-30 09:09:50.192  INFO 19556 --- [restartedMain] o.a.c.c.C.[Tomcat].[localhost].[/]       : Initializing Spring embedded WebApplicationContext
2022-09-30 09:09:50.192  INFO 19556 --- [restartedMain] w.s.c.ServletWebServerApplicationContext : Root WebApplicationContext: initialization completed in 1362 ms
2022-09-30 09:09:50.730  INFO 19556 --- [restartedMain] org.mongodb.driver.client                : MongoClient with metadata {"driver": {"name": "mongo-java-driver|sync|spring-boot", "version": "4.6.1"}, "os": {"type": "Windows", "name": "Windows 10", "architecture": "amd64", "version": "10.0"}, "platform": "Java/Oracle Corporation/17.0.4.1+1-LTS-2"} created with settings MongoClientSettings{readPreference=primary, writeConcern=WriteConcern{w=null, wTimeout=null ms, journal=null}, retryWrites=true, retryReads=true, readConcern=ReadConcern{level=null}, credential=null, streamFactoryFactory=null, commandListeners=[], codecRegistry=ProvidersCodecRegistry{codecProviders=[ValueCodecProvider{}, BsonValueCodecProvider{}, DBRefCodecProvider{}, DBObjectCodecProvider{}, DocumentCodecProvider{}, IterableCodecProvider{}, MapCodecProvider{}, GeoJsonCodecProvider{}, GridFSFileCodecProvider{}, Jsr310CodecProvider{}, JsonObjectCodecProvider{}, BsonCodecProvider{}, EnumCodecProvider{}, com.mongodb.Jep395RecordCodecProvider@67d4317e]}, clusterSettings={hosts=[localhost:27017], srvServiceName=mongodb, mode=SINGLE, requiredClusterType=UNKNOWN, requiredReplicaSetName='null', serverSelector='null', clusterListeners='[]', serverSelectionTimeout='30000 ms', localThreshold='30000 ms'}, socketSettings=SocketSettings{connectTimeoutMS=10000, readTimeoutMS=0, receiveBufferSize=0, sendBufferSize=0}, heartbeatSocketSettings=SocketSettings{connectTimeoutMS=10000, readTimeoutMS=10000, receiveBufferSize=0, sendBufferSize=0}, connectionPoolSettings=ConnectionPoolSettings{maxSize=100, minSize=0, maxWaitTimeMS=120000, maxConnectionLifeTimeMS=0, maxConnectionIdleTimeMS=0, maintenanceInitialDelayMS=0, maintenanceFrequencyMS=60000, connectionPoolListeners=[], maxConnecting=2}, serverSettings=ServerSettings{heartbeatFrequencyMS=10000, minHeartbeatFrequencyMS=500, serverListeners='[]', serverMonitorListeners='[]'}, sslSettings=SslSettings{enabled=false, invalidHostNameAllowed=false, context=null}, applicationName='null', compressorList=[], uuidRepresentation=JAVA_LEGACY, serverApi=null, autoEncryptionSettings=null, contextProvider=null}
2022-09-30 09:09:50.744  INFO 19556 --- [cluster-rtt-ClusterId{value='63367a1e697ca37860487840', description='null'}-localhost:27017] org.mongodb.driver.connection            : Opened connection [connectionId{localValue:2, serverValue:4}] to localhost:27017
2022-09-30 09:09:50.744  INFO 19556 --- [cluster-ClusterId{value='63367a1e697ca37860487840', description='null'}-localhost:27017] org.mongodb.driver.connection            : Opened connection [connectionId{localValue:1, serverValue:3}] to localhost:27017
2022-09-30 09:09:50.744  INFO 19556 --- [cluster-ClusterId{value='63367a1e697ca37860487840', description='null'}-localhost:27017] org.mongodb.driver.cluster               : Monitor thread successfully connected to server with description ServerDescription{address=localhost:27017, type=STANDALONE, state=CONNECTED, ok=true, minWireVersion=0, maxWireVersion=17, maxDocumentSize=16777216, logicalSessionTimeoutMinutes=30, roundTripTimeNanos=27663600}
2022-09-30 09:09:50.811 DEBUG 19556 --- [restartedMain] o.s.data.convert.CustomConversions       : Adding converter from class java.lang.Character to class java.lang.String as writing converter
2022-09-30 09:09:50.812 DEBUG 19556 --- [restartedMain] o.s.data.convert.CustomConversions       : Adding converter from class java.util.Locale to class java.lang.String as writing converter
2022-09-30 09:09:50.812 DEBUG 19556 --- [restartedMain] o.s.data.convert.CustomConversions       : Adding converter from class java.math.BigDecimal to class java.lang.String as writing converter
2022-09-30 09:09:50.812 DEBUG 19556 --- [restartedMain] o.s.data.convert.CustomConversions       : Adding converter from class java.math.BigDecimal to class org.bson.types.Decimal128 as writing converter
2022-09-30 09:09:50.812 DEBUG 19556 --- [restartedMain] o.s.data.convert.CustomConversions       : Adding converter from class java.lang.String to class java.math.BigDecimal as reading converter
2022-09-30 09:09:50.812 DEBUG 19556 --- [restartedMain] o.s.data.convert.CustomConversions       : Adding converter from class org.bson.types.Decimal128 to class java.math.BigDecimal as reading converter
2022-09-30 09:09:50.813 DEBUG 19556 --- [restartedMain] o.s.data.convert.CustomConversions       : Adding converter from class java.math.BigInteger to class java.lang.String as writing converter
2022-09-30 09:09:50.813 DEBUG 19556 --- [restartedMain] o.s.data.convert.CustomConversions       : Adding converter from class java.lang.String to class java.math.BigInteger as reading converter
2022-09-30 09:09:50.813 DEBUG 19556 --- [restartedMain] o.s.data.convert.CustomConversions       : Adding converter from class java.net.URL to class java.lang.String as writing converter
2022-09-30 09:09:50.813 DEBUG 19556 --- [restartedMain] o.s.data.convert.CustomConversions       : Adding converter from class java.lang.String to class java.net.URL as reading converter
2022-09-30 09:09:50.813 DEBUG 19556 --- [restartedMain] o.s.data.convert.CustomConversions       : Adding converter from class org.bson.Document to class java.lang.String as reading converter
2022-09-30 09:09:50.813 DEBUG 19556 --- [restartedMain] o.s.data.convert.CustomConversions       : Adding converter from class org.springframework.data.mongodb.core.query.Term to class java.lang.String as writing converter
2022-09-30 09:09:50.814 DEBUG 19556 --- [restartedMain] o.s.data.convert.CustomConversions       : Adding converter from class org.springframework.data.mongodb.core.script.NamedMongoScript to class org.bson.Document as writing converter
2022-09-30 09:09:50.814 DEBUG 19556 --- [restartedMain] o.s.data.convert.CustomConversions       : Adding converter from class org.bson.Document to class org.springframework.data.mongodb.core.script.NamedMongoScript as reading converter
2022-09-30 09:09:50.814 DEBUG 19556 --- [restartedMain] o.s.data.convert.CustomConversions       : Adding converter from class java.util.Currency to class java.lang.String as writing converter
2022-09-30 09:09:50.814 DEBUG 19556 --- [restartedMain] o.s.data.convert.CustomConversions       : Adding converter from class java.lang.String to class java.util.Currency as reading converter
2022-09-30 09:09:50.814 DEBUG 19556 --- [restartedMain] o.s.data.convert.CustomConversions       : Adding converter from class java.util.concurrent.atomic.AtomicInteger to class java.lang.Integer as writing converter
2022-09-30 09:09:50.814 DEBUG 19556 --- [restartedMain] o.s.data.convert.CustomConversions       : Adding converter from class java.util.concurrent.atomic.AtomicLong to class java.lang.Long as writing converter
2022-09-30 09:09:50.815 DEBUG 19556 --- [restartedMain] o.s.data.convert.CustomConversions       : Adding converter from class java.lang.Long to class java.util.concurrent.atomic.AtomicLong as reading converter
2022-09-30 09:09:50.815 DEBUG 19556 --- [restartedMain] o.s.data.convert.CustomConversions       : Adding converter from class java.lang.Integer to class java.util.concurrent.atomic.AtomicInteger as reading converter
2022-09-30 09:09:50.815 DEBUG 19556 --- [restartedMain] o.s.data.convert.CustomConversions       : Adding converter from class org.bson.types.Binary to class [B as reading converter
2022-09-30 09:09:50.815 DEBUG 19556 --- [restartedMain] o.s.data.convert.CustomConversions       : Adding converter from class org.bson.BsonTimestamp to class java.time.Instant as reading converter
2022-09-30 09:09:50.815 DEBUG 19556 --- [restartedMain] o.s.data.convert.CustomConversions       : Adding converter from class java.net.URI to class java.lang.String as writing converter
2022-09-30 09:09:50.815 DEBUG 19556 --- [restartedMain] o.s.data.convert.CustomConversions       : Adding converter from class java.lang.String to class java.net.URI as reading converter
2022-09-30 09:09:50.815 DEBUG 19556 --- [restartedMain] o.s.data.convert.CustomConversions       : Adding converter from class org.springframework.data.geo.Box to class org.bson.Document as writing converter
2022-09-30 09:09:50.815 DEBUG 19556 --- [restartedMain] o.s.data.convert.CustomConversions       : Adding converter from class org.springframework.data.geo.Polygon to class org.bson.Document as writing converter
2022-09-30 09:09:50.816 DEBUG 19556 --- [restartedMain] o.s.data.convert.CustomConversions       : Adding converter from class org.springframework.data.geo.Circle to class org.bson.Document as writing converter
2022-09-30 09:09:50.816 DEBUG 19556 --- [restartedMain] o.s.data.convert.CustomConversions       : Adding converter from class org.springframework.data.mongodb.core.geo.Sphere to class org.bson.Document as writing converter
2022-09-30 09:09:50.816 DEBUG 19556 --- [restartedMain] o.s.data.convert.CustomConversions       : Adding converter from class org.bson.Document to class org.springframework.data.geo.Box as reading converter
2022-09-30 09:09:50.816 DEBUG 19556 --- [restartedMain] o.s.data.convert.CustomConversions       : Adding converter from class org.bson.Document to class org.springframework.data.geo.Polygon as reading converter
2022-09-30 09:09:50.816 DEBUG 19556 --- [restartedMain] o.s.data.convert.CustomConversions       : Adding converter from class org.bson.Document to class org.springframework.data.geo.Circle as reading converter
2022-09-30 09:09:50.816 DEBUG 19556 --- [restartedMain] o.s.data.convert.CustomConversions       : Adding converter from class org.bson.Document to class org.springframework.data.mongodb.core.geo.Sphere as reading converter
2022-09-30 09:09:50.816 DEBUG 19556 --- [restartedMain] o.s.data.convert.CustomConversions       : Adding converter from class org.bson.Document to class org.springframework.data.geo.Point as reading converter
2022-09-30 09:09:50.816 DEBUG 19556 --- [restartedMain] o.s.data.convert.CustomConversions       : Adding converter from class org.springframework.data.geo.Point to class org.bson.Document as writing converter
2022-09-30 09:09:50.817 DEBUG 19556 --- [restartedMain] o.s.data.convert.CustomConversions       : Adding converter from class org.springframework.data.mongodb.core.query.GeoCommand to class org.bson.Document as writing converter
2022-09-30 09:09:50.817 DEBUG 19556 --- [restartedMain] o.s.data.convert.CustomConversions       : Adding converter from interface org.springframework.data.mongodb.core.geo.GeoJson to class org.bson.Document as writing converter
2022-09-30 09:09:50.817 DEBUG 19556 --- [restartedMain] o.s.data.convert.CustomConversions       : Adding converter from class org.springframework.data.mongodb.core.geo.GeoJsonPoint to class org.bson.Document as writing converter
2022-09-30 09:09:50.817 DEBUG 19556 --- [restartedMain] o.s.data.convert.CustomConversions       : Adding converter from class org.springframework.data.mongodb.core.geo.GeoJsonPolygon to class org.bson.Document as writing converter
2022-09-30 09:09:50.817 DEBUG 19556 --- [restartedMain] o.s.data.convert.CustomConversions       : Adding converter from class org.bson.Document to class org.springframework.data.mongodb.core.geo.GeoJsonPoint as reading converter
2022-09-30 09:09:50.817 DEBUG 19556 --- [restartedMain] o.s.data.convert.CustomConversions       : Adding converter from class org.bson.Document to class org.springframework.data.mongodb.core.geo.GeoJsonPolygon as reading converter
2022-09-30 09:09:50.817 DEBUG 19556 --- [restartedMain] o.s.data.convert.CustomConversions       : Adding converter from class org.bson.Document to class org.springframework.data.mongodb.core.geo.GeoJsonLineString as reading converter
2022-09-30 09:09:50.818 DEBUG 19556 --- [restartedMain] o.s.data.convert.CustomConversions       : Adding converter from class org.bson.Document to class org.springframework.data.mongodb.core.geo.GeoJsonMultiLineString as reading converter
2022-09-30 09:09:50.818 DEBUG 19556 --- [restartedMain] o.s.data.convert.CustomConversions       : Adding converter from class org.bson.Document to class org.springframework.data.mongodb.core.geo.GeoJsonMultiPoint as reading converter
2022-09-30 09:09:50.818 DEBUG 19556 --- [restartedMain] o.s.data.convert.CustomConversions       : Adding converter from class org.bson.Document to class org.springframework.data.mongodb.core.geo.GeoJsonMultiPolygon as reading converter
2022-09-30 09:09:50.818 DEBUG 19556 --- [restartedMain] o.s.data.convert.CustomConversions       : Adding converter from class org.bson.Document to class org.springframework.data.mongodb.core.geo.GeoJsonGeometryCollection as reading converter
2022-09-30 09:09:50.818 DEBUG 19556 --- [restartedMain] o.s.data.convert.CustomConversions       : Adding converter from class org.bson.Document to interface org.springframework.data.mongodb.core.geo.GeoJson as reading converter
2022-09-30 09:09:50.818 DEBUG 19556 --- [restartedMain] o.s.data.convert.CustomConversions       : Adding converter from class java.util.Date to class java.time.LocalDateTime as reading converter
2022-09-30 09:09:50.819 DEBUG 19556 --- [restartedMain] o.s.data.convert.CustomConversions       : Adding converter from class java.time.LocalDateTime to class java.util.Date as writing converter
2022-09-30 09:09:50.819 DEBUG 19556 --- [restartedMain] o.s.data.convert.CustomConversions       : Adding converter from class java.util.Date to class java.time.LocalDate as reading converter
2022-09-30 09:09:50.819 DEBUG 19556 --- [restartedMain] o.s.data.convert.CustomConversions       : Adding converter from class java.time.LocalDate to class java.util.Date as writing converter
2022-09-30 09:09:50.819 DEBUG 19556 --- [restartedMain] o.s.data.convert.CustomConversions       : Adding converter from class java.util.Date to class java.time.LocalTime as reading converter
2022-09-30 09:09:50.819 DEBUG 19556 --- [restartedMain] o.s.data.convert.CustomConversions       : Adding converter from class java.time.LocalTime to class java.util.Date as writing converter
2022-09-30 09:09:50.819 DEBUG 19556 --- [restartedMain] o.s.data.convert.CustomConversions       : Adding converter from class java.util.Date to class java.time.Instant as reading converter
2022-09-30 09:09:50.819 DEBUG 19556 --- [restartedMain] o.s.data.convert.CustomConversions       : Adding converter from class java.time.Instant to class java.util.Date as writing converter
2022-09-30 09:09:50.820 DEBUG 19556 --- [restartedMain] o.s.data.convert.CustomConversions       : Skipping converter from class java.time.LocalDateTime to class java.time.Instant as reading converter class java.time.LocalDateTime is not a store supported simple type
2022-09-30 09:09:50.820 DEBUG 19556 --- [restartedMain] o.s.data.convert.CustomConversions       : Skipping converter from class java.time.Instant to class java.time.LocalDateTime as reading converter class java.time.Instant is not a store supported simple type
2022-09-30 09:09:50.820 DEBUG 19556 --- [restartedMain] o.s.data.convert.CustomConversions       : Adding converter from class java.time.ZoneId to class java.lang.String as writing converter
2022-09-30 09:09:50.820 DEBUG 19556 --- [restartedMain] o.s.data.convert.CustomConversions       : Adding converter from class java.lang.String to class java.time.ZoneId as reading converter
2022-09-30 09:09:50.820 DEBUG 19556 --- [restartedMain] o.s.data.convert.CustomConversions       : Adding converter from class java.time.Duration to class java.lang.String as writing converter
2022-09-30 09:09:50.820 DEBUG 19556 --- [restartedMain] o.s.data.convert.CustomConversions       : Adding converter from class java.lang.String to class java.time.Duration as reading converter
2022-09-30 09:09:50.820 DEBUG 19556 --- [restartedMain] o.s.data.convert.CustomConversions       : Adding converter from class java.time.Period to class java.lang.String as writing converter
2022-09-30 09:09:50.820 DEBUG 19556 --- [restartedMain] o.s.data.convert.CustomConversions       : Adding converter from class java.lang.String to class java.time.Period as reading converter
2022-09-30 09:09:50.820 DEBUG 19556 --- [restartedMain] o.s.data.convert.CustomConversions       : Adding converter from class java.lang.String to class java.time.LocalDate as reading converter
2022-09-30 09:09:50.821 DEBUG 19556 --- [restartedMain] o.s.data.convert.CustomConversions       : Adding converter from class java.lang.String to class java.time.LocalDateTime as reading converter
2022-09-30 09:09:50.821 DEBUG 19556 --- [restartedMain] o.s.data.convert.CustomConversions       : Adding converter from class java.lang.String to class java.time.Instant as reading converter
2022-09-30 09:09:50.863 DEBUG 19556 --- [restartedMain] o.s.data.convert.CustomConversions       : Adding converter from class java.lang.Character to class java.lang.String as writing converter
2022-09-30 09:09:50.864 DEBUG 19556 --- [restartedMain] o.s.data.convert.CustomConversions       : Adding converter from class java.util.Locale to class java.lang.String as writing converter
2022-09-30 09:09:50.864 DEBUG 19556 --- [restartedMain] o.s.data.convert.CustomConversions       : Adding converter from class java.math.BigDecimal to class java.lang.String as writing converter
2022-09-30 09:09:50.864 DEBUG 19556 --- [restartedMain] o.s.data.convert.CustomConversions       : Adding converter from class java.math.BigDecimal to class org.bson.types.Decimal128 as writing converter
2022-09-30 09:09:50.864 DEBUG 19556 --- [restartedMain] o.s.data.convert.CustomConversions       : Adding converter from class java.lang.String to class java.math.BigDecimal as reading converter
2022-09-30 09:09:50.865 DEBUG 19556 --- [restartedMain] o.s.data.convert.CustomConversions       : Adding converter from class org.bson.types.Decimal128 to class java.math.BigDecimal as reading converter
2022-09-30 09:09:50.865 DEBUG 19556 --- [restartedMain] o.s.data.convert.CustomConversions       : Adding converter from class java.math.BigInteger to class java.lang.String as writing converter
2022-09-30 09:09:50.865 DEBUG 19556 --- [restartedMain] o.s.data.convert.CustomConversions       : Adding converter from class java.lang.String to class java.math.BigInteger as reading converter
2022-09-30 09:09:50.865 DEBUG 19556 --- [restartedMain] o.s.data.convert.CustomConversions       : Adding converter from class java.net.URL to class java.lang.String as writing converter
2022-09-30 09:09:50.865 DEBUG 19556 --- [restartedMain] o.s.data.convert.CustomConversions       : Adding converter from class java.lang.String to class java.net.URL as reading converter
2022-09-30 09:09:50.865 DEBUG 19556 --- [restartedMain] o.s.data.convert.CustomConversions       : Adding converter from class org.bson.Document to class java.lang.String as reading converter
2022-09-30 09:09:50.865 DEBUG 19556 --- [restartedMain] o.s.data.convert.CustomConversions       : Adding converter from class org.springframework.data.mongodb.core.query.Term to class java.lang.String as writing converter
2022-09-30 09:09:50.866 DEBUG 19556 --- [restartedMain] o.s.data.convert.CustomConversions       : Adding converter from class org.springframework.data.mongodb.core.script.NamedMongoScript to class org.bson.Document as writing converter
2022-09-30 09:09:50.866 DEBUG 19556 --- [restartedMain] o.s.data.convert.CustomConversions       : Adding converter from class org.bson.Document to class org.springframework.data.mongodb.core.script.NamedMongoScript as reading converter
2022-09-30 09:09:50.866 DEBUG 19556 --- [restartedMain] o.s.data.convert.CustomConversions       : Adding converter from class java.util.Currency to class java.lang.String as writing converter
2022-09-30 09:09:50.866 DEBUG 19556 --- [restartedMain] o.s.data.convert.CustomConversions       : Adding converter from class java.lang.String to class java.util.Currency as reading converter
2022-09-30 09:09:50.866 DEBUG 19556 --- [restartedMain] o.s.data.convert.CustomConversions       : Adding converter from class java.util.concurrent.atomic.AtomicInteger to class java.lang.Integer as writing converter
2022-09-30 09:09:50.866 DEBUG 19556 --- [restartedMain] o.s.data.convert.CustomConversions       : Adding converter from class java.util.concurrent.atomic.AtomicLong to class java.lang.Long as writing converter
2022-09-30 09:09:50.866 DEBUG 19556 --- [restartedMain] o.s.data.convert.CustomConversions       : Adding converter from class java.lang.Long to class java.util.concurrent.atomic.AtomicLong as reading converter
2022-09-30 09:09:50.867 DEBUG 19556 --- [restartedMain] o.s.data.convert.CustomConversions       : Adding converter from class java.lang.Integer to class java.util.concurrent.atomic.AtomicInteger as reading converter
2022-09-30 09:09:50.867 DEBUG 19556 --- [restartedMain] o.s.data.convert.CustomConversions       : Adding converter from class org.bson.types.Binary to class [B as reading converter
2022-09-30 09:09:50.867 DEBUG 19556 --- [restartedMain] o.s.data.convert.CustomConversions       : Adding converter from class org.bson.BsonTimestamp to class java.time.Instant as reading converter
2022-09-30 09:09:50.867 DEBUG 19556 --- [restartedMain] o.s.data.convert.CustomConversions       : Adding converter from class java.net.URI to class java.lang.String as writing converter
2022-09-30 09:09:50.867 DEBUG 19556 --- [restartedMain] o.s.data.convert.CustomConversions       : Adding converter from class java.lang.String to class java.net.URI as reading converter
2022-09-30 09:09:50.867 DEBUG 19556 --- [restartedMain] o.s.data.convert.CustomConversions       : Adding converter from class org.springframework.data.geo.Box to class org.bson.Document as writing converter
2022-09-30 09:09:50.867 DEBUG 19556 --- [restartedMain] o.s.data.convert.CustomConversions       : Adding converter from class org.springframework.data.geo.Polygon to class org.bson.Document as writing converter
2022-09-30 09:09:50.867 DEBUG 19556 --- [restartedMain] o.s.data.convert.CustomConversions       : Adding converter from class org.springframework.data.geo.Circle to class org.bson.Document as writing converter
2022-09-30 09:09:50.868 DEBUG 19556 --- [restartedMain] o.s.data.convert.CustomConversions       : Adding converter from class org.springframework.data.mongodb.core.geo.Sphere to class org.bson.Document as writing converter
2022-09-30 09:09:50.868 DEBUG 19556 --- [restartedMain] o.s.data.convert.CustomConversions       : Adding converter from class org.bson.Document to class org.springframework.data.geo.Box as reading converter
2022-09-30 09:09:50.868 DEBUG 19556 --- [restartedMain] o.s.data.convert.CustomConversions       : Adding converter from class org.bson.Document to class org.springframework.data.geo.Polygon as reading converter
2022-09-30 09:09:50.868 DEBUG 19556 --- [restartedMain] o.s.data.convert.CustomConversions       : Adding converter from class org.bson.Document to class org.springframework.data.geo.Circle as reading converter
2022-09-30 09:09:50.868 DEBUG 19556 --- [restartedMain] o.s.data.convert.CustomConversions       : Adding converter from class org.bson.Document to class org.springframework.data.mongodb.core.geo.Sphere as reading converter
2022-09-30 09:09:50.868 DEBUG 19556 --- [restartedMain] o.s.data.convert.CustomConversions       : Adding converter from class org.bson.Document to class org.springframework.data.geo.Point as reading converter
2022-09-30 09:09:50.869 DEBUG 19556 --- [restartedMain] o.s.data.convert.CustomConversions       : Adding converter from class org.springframework.data.geo.Point to class org.bson.Document as writing converter
2022-09-30 09:09:50.869 DEBUG 19556 --- [restartedMain] o.s.data.convert.CustomConversions       : Adding converter from class org.springframework.data.mongodb.core.query.GeoCommand to class org.bson.Document as writing converter
2022-09-30 09:09:50.869 DEBUG 19556 --- [restartedMain] o.s.data.convert.CustomConversions       : Adding converter from interface org.springframework.data.mongodb.core.geo.GeoJson to class org.bson.Document as writing converter
2022-09-30 09:09:50.869 DEBUG 19556 --- [restartedMain] o.s.data.convert.CustomConversions       : Adding converter from class org.springframework.data.mongodb.core.geo.GeoJsonPoint to class org.bson.Document as writing converter
2022-09-30 09:09:50.869 DEBUG 19556 --- [restartedMain] o.s.data.convert.CustomConversions       : Adding converter from class org.springframework.data.mongodb.core.geo.GeoJsonPolygon to class org.bson.Document as writing converter
2022-09-30 09:09:50.869 DEBUG 19556 --- [restartedMain] o.s.data.convert.CustomConversions       : Adding converter from class org.bson.Document to class org.springframework.data.mongodb.core.geo.GeoJsonPoint as reading converter
2022-09-30 09:09:50.869 DEBUG 19556 --- [restartedMain] o.s.data.convert.CustomConversions       : Adding converter from class org.bson.Document to class org.springframework.data.mongodb.core.geo.GeoJsonPolygon as reading converter
2022-09-30 09:09:50.870 DEBUG 19556 --- [restartedMain] o.s.data.convert.CustomConversions       : Adding converter from class org.bson.Document to class org.springframework.data.mongodb.core.geo.GeoJsonLineString as reading converter
2022-09-30 09:09:50.870 DEBUG 19556 --- [restartedMain] o.s.data.convert.CustomConversions       : Adding converter from class org.bson.Document to class org.springframework.data.mongodb.core.geo.GeoJsonMultiLineString as reading converter
2022-09-30 09:09:50.870 DEBUG 19556 --- [restartedMain] o.s.data.convert.CustomConversions       : Adding converter from class org.bson.Document to class org.springframework.data.mongodb.core.geo.GeoJsonMultiPoint as reading converter
2022-09-30 09:09:50.870 DEBUG 19556 --- [restartedMain] o.s.data.convert.CustomConversions       : Adding converter from class org.bson.Document to class org.springframework.data.mongodb.core.geo.GeoJsonMultiPolygon as reading converter
2022-09-30 09:09:50.870 DEBUG 19556 --- [restartedMain] o.s.data.convert.CustomConversions       : Adding converter from class org.bson.Document to class org.springframework.data.mongodb.core.geo.GeoJsonGeometryCollection as reading converter
2022-09-30 09:09:50.870 DEBUG 19556 --- [restartedMain] o.s.data.convert.CustomConversions       : Adding converter from class org.bson.Document to interface org.springframework.data.mongodb.core.geo.GeoJson as reading converter
2022-09-30 09:09:50.870 DEBUG 19556 --- [restartedMain] o.s.data.convert.CustomConversions       : Adding converter from class java.util.Date to class java.time.LocalDateTime as reading converter
2022-09-30 09:09:50.871 DEBUG 19556 --- [restartedMain] o.s.data.convert.CustomConversions       : Adding converter from class java.time.LocalDateTime to class java.util.Date as writing converter
2022-09-30 09:09:50.871 DEBUG 19556 --- [restartedMain] o.s.data.convert.CustomConversions       : Adding converter from class java.util.Date to class java.time.LocalDate as reading converter
2022-09-30 09:09:50.871 DEBUG 19556 --- [restartedMain] o.s.data.convert.CustomConversions       : Adding converter from class java.time.LocalDate to class java.util.Date as writing converter
2022-09-30 09:09:50.871 DEBUG 19556 --- [restartedMain] o.s.data.convert.CustomConversions       : Adding converter from class java.util.Date to class java.time.LocalTime as reading converter
2022-09-30 09:09:50.871 DEBUG 19556 --- [restartedMain] o.s.data.convert.CustomConversions       : Adding converter from class java.time.LocalTime to class java.util.Date as writing converter
2022-09-30 09:09:50.871 DEBUG 19556 --- [restartedMain] o.s.data.convert.CustomConversions       : Adding converter from class java.util.Date to class java.time.Instant as reading converter
2022-09-30 09:09:50.872 DEBUG 19556 --- [restartedMain] o.s.data.convert.CustomConversions       : Adding converter from class java.time.Instant to class java.util.Date as writing converter
2022-09-30 09:09:50.872 DEBUG 19556 --- [restartedMain] o.s.data.convert.CustomConversions       : Skipping converter from class java.time.LocalDateTime to class java.time.Instant as reading converter class java.time.LocalDateTime is not a store supported simple type
2022-09-30 09:09:50.872 DEBUG 19556 --- [restartedMain] o.s.data.convert.CustomConversions       : Skipping converter from class java.time.Instant to class java.time.LocalDateTime as reading converter class java.time.Instant is not a store supported simple type
2022-09-30 09:09:50.872 DEBUG 19556 --- [restartedMain] o.s.data.convert.CustomConversions       : Adding converter from class java.time.ZoneId to class java.lang.String as writing converter
2022-09-30 09:09:50.872 DEBUG 19556 --- [restartedMain] o.s.data.convert.CustomConversions       : Adding converter from class java.lang.String to class java.time.ZoneId as reading converter
2022-09-30 09:09:50.872 DEBUG 19556 --- [restartedMain] o.s.data.convert.CustomConversions       : Adding converter from class java.time.Duration to class java.lang.String as writing converter
2022-09-30 09:09:50.872 DEBUG 19556 --- [restartedMain] o.s.data.convert.CustomConversions       : Adding converter from class java.lang.String to class java.time.Duration as reading converter
2022-09-30 09:09:50.872 DEBUG 19556 --- [restartedMain] o.s.data.convert.CustomConversions       : Adding converter from class java.time.Period to class java.lang.String as writing converter
2022-09-30 09:09:50.872 DEBUG 19556 --- [restartedMain] o.s.data.convert.CustomConversions       : Adding converter from class java.lang.String to class java.time.Period as reading converter
2022-09-30 09:09:50.873 DEBUG 19556 --- [restartedMain] o.s.data.convert.CustomConversions       : Adding converter from class java.lang.String to class java.time.LocalDate as reading converter
2022-09-30 09:09:50.873 DEBUG 19556 --- [restartedMain] o.s.data.convert.CustomConversions       : Adding converter from class java.lang.String to class java.time.LocalDateTime as reading converter
2022-09-30 09:09:50.873 DEBUG 19556 --- [restartedMain] o.s.data.convert.CustomConversions       : Adding converter from class java.lang.String to class java.time.Instant as reading converter
2022-09-30 09:09:51.002  INFO 19556 --- [restartedMain] o.s.b.d.a.OptionalLiveReloadServer       : LiveReload server is running on port 35729
2022-09-30 09:09:51.058  INFO 19556 --- [restartedMain] o.s.b.w.embedded.tomcat.TomcatWebServer  : Tomcat started on port(s): 5000 (http) with context path ''
2022-09-30 09:09:51.071  INFO 19556 --- [restartedMain] com.mcb.test.Test.TestApplication        : Started TestApplication in 2.781 seconds (JVM running for 3.379)
